<?xml version="1.0" encoding="UTF-8"?>
<!-- Generated by org.testng.reporters.JUnitReportReporter -->
<testsuite skipped="0" hostname="LAPTOP-6C7PHFIK" name="com.crm.contacts1.CreateContactsAndVerifyTest" tests="1" failures="0" timestamp="22 Jun 2022 06:19:49 GMT" time="24.446" errors="0">
  <testcase name="createcontactverifyTest" time="24.446" classname="com.crm.contacts1.CreateContactsAndVerifyTest"/>
</testsuite> <!-- com.crm.contacts1.CreateContactsAndVerifyTest -->
