<?xml version="1.0" encoding="UTF-8"?>
<!-- Generated by org.testng.reporters.JUnitReportReporter -->
<testsuite skipped="0" hostname="LAPTOP-6C7PHFIK" name="com.crm.Organisation.CreateOrginizationWithIndustryAndVerifyTest" tests="1" failures="0" timestamp="22 Jun 2022 06:19:49 GMT" time="24.874" errors="0">
  <testcase name="CreateOrginizationWithIndustry" time="24.874" classname="com.crm.Organisation.CreateOrginizationWithIndustryAndVerifyTest"/>
</testsuite> <!-- com.crm.Organisation.CreateOrginizationWithIndustryAndVerifyTest -->
