<?xml version="1.0" encoding="UTF-8"?>
<!-- Generated by org.testng.reporters.JUnitReportReporter -->
<testsuite skipped="0" hostname="LAPTOP-6C7PHFIK" name="com.crm.Organisation.CreateOrginizationAndVerifyTest" tests="1" failures="0" timestamp="22 Jun 2022 06:19:49 GMT" time="24.454" errors="0">
  <testcase name="createorgandverifyTest" time="24.454" classname="com.crm.Organisation.CreateOrginizationAndVerifyTest"/>
</testsuite> <!-- com.crm.Organisation.CreateOrginizationAndVerifyTest -->
