<?xml version="1.0" encoding="UTF-8"?>
<!-- Generated by org.testng.reporters.JUnitReportReporter -->
<testsuite hostname="LAPTOP-6C7PHFIK" failures="0" tests="1" name="com.crm.Organisation.CreateOrginizationWithIndustryAndVerifyTest" time="23.899" errors="0" timestamp="16 Jun 2022 10:47:13 GMT" skipped="0">
  <testcase classname="com.crm.Organisation.CreateOrginizationWithIndustryAndVerifyTest" name="CreateOrginizationWithIndustry" time="23.899"/>
</testsuite> <!-- com.crm.Organisation.CreateOrginizationWithIndustryAndVerifyTest -->
