<?xml version="1.0" encoding="UTF-8"?>
<!-- Generated by org.testng.reporters.JUnitReportReporter -->
<testsuite hostname="LAPTOP-6C7PHFIK" failures="0" tests="2" name="com.crm.testng.DataProviderFromExcelTest" time="0.020" errors="0" timestamp="14 Jun 2022 09:33:36 GMT" skipped="0">
  <testcase classname="com.crm.testng.DataProviderFromExcelTest" name="Propfile" time="0.003"/>
  <testcase classname="com.crm.testng.DataProviderFromExcelTest" name="Propfile" time="0.017"/>
</testsuite> <!-- com.crm.testng.DataProviderFromExcelTest -->
