<?xml version="1.0" encoding="UTF-8"?>
<!-- Generated by org.testng.reporters.JUnitReportReporter -->
<testsuite hostname="LAPTOP-6C7PHFIK" failures="0" tests="1" name="Assignment.CreateContact29" time="17.519" errors="0" timestamp="15 Jun 2022 09:03:02 GMT" skipped="0">
  <testcase classname="Assignment.CreateContact29" name="contact29" time="17.519"/>
</testsuite> <!-- Assignment.CreateContact29 -->
