<?xml version="1.0" encoding="UTF-8"?>
<!-- Generated by org.testng.reporters.JUnitReportReporter -->
<testsuite hostname="LAPTOP-6C7PHFIK" failures="0" tests="1" name="com.crm.Organisation.CreateOrginizationAndVerifyTest" time="23.999" errors="0" timestamp="16 Jun 2022 10:47:13 GMT" skipped="0">
  <testcase classname="com.crm.Organisation.CreateOrginizationAndVerifyTest" name="createorgandverifyTest" time="23.999"/>
</testsuite> <!-- com.crm.Organisation.CreateOrginizationAndVerifyTest -->
