<?xml version="1.0" encoding="UTF-8"?>
<!-- Generated by org.testng.reporters.JUnitReportReporter -->
<testsuite hostname="LAPTOP-6C7PHFIK" failures="0" tests="3" name="com.crm.testng.DataProviderBookingTest" time="0.025" errors="0" timestamp="14 Jun 2022 07:02:33 GMT" skipped="0">
  <testcase classname="com.crm.testng.DataProviderBookingTest" name="ticketBookingtest" time="0.004"/>
  <testcase classname="com.crm.testng.DataProviderBookingTest" name="ticketBookingtest" time="0.019"/>
  <testcase classname="com.crm.testng.DataProviderBookingTest" name="ticketBookingtest" time="0.002"/>
</testsuite> <!-- com.crm.testng.DataProviderBookingTest -->
