<?xml version="1.0" encoding="UTF-8"?>
<!-- Generated by org.testng.reporters.JUnitReportReporter -->
<testsuite hostname="LAPTOP-6C7PHFIK" failures="0" tests="1" name="Assignment.CreateContact28" time="18.903" errors="0" timestamp="15 Jun 2022 08:50:34 GMT" skipped="0">
  <testcase classname="Assignment.CreateContact28" name="CreateContact" time="18.903"/>
</testsuite> <!-- Assignment.CreateContact28 -->
