<?xml version="1.0" encoding="UTF-8"?>
<!-- Generated by org.testng.reporters.JUnitReportReporter -->
<testsuite hostname="LAPTOP-6C7PHFIK" failures="0" tests="1" name="com.crm.contacts1.CreateContactsAndVerifyTest" time="23.714" errors="0" timestamp="16 Jun 2022 10:47:13 GMT" skipped="0">
  <testcase classname="com.crm.contacts1.CreateContactsAndVerifyTest" name="createcontactverifyTest" time="23.714"/>
</testsuite> <!-- com.crm.contacts1.CreateContactsAndVerifyTest -->
