<?xml version="1.0" encoding="UTF-8"?>
<!-- Generated by org.testng.reporters.JUnitReportReporter -->
<testsuite hostname="LAPTOP-6C7PHFIK" failures="0" tests="1" name="com.crm.Organisation.CreateOrginizationWithIndustryAndVerify" time="25.171" errors="0" timestamp="15 Jun 2022 08:46:35 GMT" skipped="0">
  <testcase classname="com.crm.Organisation.CreateOrginizationWithIndustryAndVerify" name="CreateOrginizationWithIndustry" time="25.171"/>
</testsuite> <!-- com.crm.Organisation.CreateOrginizationWithIndustryAndVerify -->
